{"/Users/jakubkunc/code/gpx-tooling-suite/src/lib/data/GpxProcessor.ts": {"path":"/Users/jakubkunc/code/gpx-tooling-suite/src/lib/data/GpxProcessor.ts","all":false,"statementMap":{"0":{"start":{"line":1,"column":0},"end":{"line":1,"column":58}},"9":{"start":{"line":10,"column":0},"end":{"line":10,"column":27}},"10":{"start":{"line":11,"column":0},"end":{"line":11,"column":45}},"11":{"start":{"line":12,"column":0},"end":{"line":12,"column":31}},"12":{"start":{"line":13,"column":0},"end":{"line":13,"column":3}},"13":{"start":{"line":14,"column":0},"end":{"line":14,"column":57}},"14":{"start":{"line":15,"column":0},"end":{"line":15,"column":38}},"15":{"start":{"line":16,"column":0},"end":{"line":16,"column":3}},"16":{"start":{"line":17,"column":0},"end":{"line":17,"column":36}},"17":{"start":{"line":18,"column":0},"end":{"line":18,"column":68}},"18":{"start":{"line":19,"column":0},"end":{"line":19,"column":38}},"19":{"start":{"line":20,"column":0},"end":{"line":20,"column":3}},"20":{"start":{"line":21,"column":0},"end":{"line":21,"column":72}},"21":{"start":{"line":22,"column":0},"end":{"line":22,"column":39}},"22":{"start":{"line":23,"column":0},"end":{"line":23,"column":3}},"23":{"start":{"line":24,"column":0},"end":{"line":24,"column":71}},"24":{"start":{"line":25,"column":0},"end":{"line":25,"column":46}},"25":{"start":{"line":26,"column":0},"end":{"line":26,"column":3}},"26":{"start":{"line":27,"column":0},"end":{"line":27,"column":77}},"27":{"start":{"line":28,"column":0},"end":{"line":28,"column":41}},"28":{"start":{"line":29,"column":0},"end":{"line":29,"column":3}},"29":{"start":{"line":30,"column":0},"end":{"line":30,"column":1}}},"s":{"0":1,"9":1,"10":1,"11":5,"12":5,"13":1,"14":1,"15":1,"16":1,"17":1,"18":1,"19":1,"20":1,"21":1,"22":1,"23":1,"24":1,"25":1,"26":1,"27":1,"28":1,"29":1},"branchMap":{"0":{"type":"branch","line":11,"loc":{"start":{"line":11,"column":2},"end":{"line":13,"column":3}},"locations":[{"start":{"line":11,"column":2},"end":{"line":13,"column":3}}]},"1":{"type":"branch","line":14,"loc":{"start":{"line":14,"column":2},"end":{"line":16,"column":3}},"locations":[{"start":{"line":14,"column":2},"end":{"line":16,"column":3}}]},"2":{"type":"branch","line":17,"loc":{"start":{"line":17,"column":2},"end":{"line":20,"column":3}},"locations":[{"start":{"line":17,"column":2},"end":{"line":20,"column":3}}]},"3":{"type":"branch","line":18,"loc":{"start":{"line":18,"column":50},"end":{"line":18,"column":65}},"locations":[{"start":{"line":18,"column":50},"end":{"line":18,"column":65}}]},"4":{"type":"branch","line":21,"loc":{"start":{"line":21,"column":2},"end":{"line":23,"column":3}},"locations":[{"start":{"line":21,"column":2},"end":{"line":23,"column":3}}]},"5":{"type":"branch","line":24,"loc":{"start":{"line":24,"column":2},"end":{"line":26,"column":3}},"locations":[{"start":{"line":24,"column":2},"end":{"line":26,"column":3}}]},"6":{"type":"branch","line":27,"loc":{"start":{"line":27,"column":2},"end":{"line":29,"column":3}},"locations":[{"start":{"line":27,"column":2},"end":{"line":29,"column":3}}]}},"b":{"0":[5],"1":[1],"2":[1],"3":[2],"4":[1],"5":[1],"6":[1]},"fnMap":{"0":{"name":"parse","decl":{"start":{"line":11,"column":2},"end":{"line":13,"column":3}},"loc":{"start":{"line":11,"column":2},"end":{"line":13,"column":3}},"line":11},"1":{"name":"serialize","decl":{"start":{"line":14,"column":2},"end":{"line":16,"column":3}},"loc":{"start":{"line":14,"column":2},"end":{"line":16,"column":3}},"line":14},"2":{"name":"merge","decl":{"start":{"line":17,"column":2},"end":{"line":20,"column":3}},"loc":{"start":{"line":17,"column":2},"end":{"line":20,"column":3}},"line":17},"3":{"name":"trim","decl":{"start":{"line":21,"column":2},"end":{"line":23,"column":3}},"loc":{"start":{"line":21,"column":2},"end":{"line":23,"column":3}},"line":21},"4":{"name":"simplify","decl":{"start":{"line":24,"column":2},"end":{"line":26,"column":3}},"loc":{"start":{"line":24,"column":2},"end":{"line":26,"column":3}},"line":24},"5":{"name":"repairElevation","decl":{"start":{"line":27,"column":2},"end":{"line":29,"column":3}},"loc":{"start":{"line":27,"column":2},"end":{"line":29,"column":3}},"line":27}},"f":{"0":5,"1":1,"2":1,"3":1,"4":1,"5":1}}
,"/Users/jakubkunc/code/gpx-tooling-suite/src/lib/data/parsing/GpxParser.ts": {"path":"/Users/jakubkunc/code/gpx-tooling-suite/src/lib/data/parsing/GpxParser.ts","all":false,"statementMap":{"0":{"start":{"line":1,"column":0},"end":{"line":1,"column":61}},"4":{"start":{"line":5,"column":0},"end":{"line":5,"column":59}},"5":{"start":{"line":6,"column":0},"end":{"line":6,"column":48}},"6":{"start":{"line":7,"column":0},"end":{"line":7,"column":22}},"7":{"start":{"line":8,"column":0},"end":{"line":8,"column":39}},"8":{"start":{"line":9,"column":0},"end":{"line":9,"column":1}},"10":{"start":{"line":11,"column":0},"end":{"line":11,"column":47}},"11":{"start":{"line":12,"column":0},"end":{"line":12,"column":30}},"12":{"start":{"line":13,"column":0},"end":{"line":13,"column":58}},"13":{"start":{"line":14,"column":0},"end":{"line":14,"column":27}},"14":{"start":{"line":15,"column":0},"end":{"line":15,"column":45}},"15":{"start":{"line":16,"column":0},"end":{"line":16,"column":41}},"16":{"start":{"line":17,"column":0},"end":{"line":17,"column":23}},"20":{"start":{"line":21,"column":0},"end":{"line":21,"column":65}},"21":{"start":{"line":22,"column":0},"end":{"line":22,"column":36}},"22":{"start":{"line":23,"column":0},"end":{"line":23,"column":31}},"23":{"start":{"line":24,"column":0},"end":{"line":24,"column":41}},"24":{"start":{"line":25,"column":0},"end":{"line":25,"column":52}},"25":{"start":{"line":26,"column":0},"end":{"line":26,"column":80}},"26":{"start":{"line":27,"column":0},"end":{"line":27,"column":3}},"27":{"start":{"line":28,"column":0},"end":{"line":28,"column":17}},"28":{"start":{"line":29,"column":0},"end":{"line":29,"column":1}},"30":{"start":{"line":31,"column":0},"end":{"line":31,"column":62}},"31":{"start":{"line":32,"column":0},"end":{"line":32,"column":70}},"32":{"start":{"line":33,"column":0},"end":{"line":33,"column":59}},"33":{"start":{"line":34,"column":0},"end":{"line":34,"column":51}},"34":{"start":{"line":35,"column":0},"end":{"line":35,"column":3}},"35":{"start":{"line":36,"column":0},"end":{"line":36,"column":51}},"36":{"start":{"line":37,"column":0},"end":{"line":37,"column":77}},"37":{"start":{"line":38,"column":0},"end":{"line":38,"column":34}},"38":{"start":{"line":39,"column":0},"end":{"line":39,"column":43}},"39":{"start":{"line":40,"column":0},"end":{"line":40,"column":24}},"40":{"start":{"line":41,"column":0},"end":{"line":41,"column":43}},"41":{"start":{"line":42,"column":0},"end":{"line":42,"column":43}},"42":{"start":{"line":43,"column":0},"end":{"line":43,"column":39}},"43":{"start":{"line":44,"column":0},"end":{"line":44,"column":73}},"44":{"start":{"line":45,"column":0},"end":{"line":45,"column":5}},"45":{"start":{"line":46,"column":0},"end":{"line":46,"column":51}},"46":{"start":{"line":47,"column":0},"end":{"line":47,"column":53}},"47":{"start":{"line":48,"column":0},"end":{"line":48,"column":75}},"48":{"start":{"line":49,"column":0},"end":{"line":49,"column":17}},"49":{"start":{"line":50,"column":0},"end":{"line":50,"column":20}},"50":{"start":{"line":51,"column":0},"end":{"line":51,"column":21}},"51":{"start":{"line":52,"column":0},"end":{"line":52,"column":55}},"52":{"start":{"line":53,"column":0},"end":{"line":53,"column":57}},"53":{"start":{"line":54,"column":0},"end":{"line":54,"column":30}},"54":{"start":{"line":55,"column":0},"end":{"line":55,"column":7}},"55":{"start":{"line":56,"column":0},"end":{"line":56,"column":3}},"56":{"start":{"line":57,"column":0},"end":{"line":57,"column":26}},"57":{"start":{"line":58,"column":0},"end":{"line":58,"column":1}}},"s":{"0":1,"4":41,"5":41,"6":40,"7":41,"8":41,"10":12,"11":12,"12":12,"13":12,"14":3,"15":12,"16":12,"20":12,"21":12,"22":12,"23":12,"24":8,"25":5,"26":12,"27":3,"28":3,"30":1,"31":12,"32":12,"33":0,"34":0,"35":12,"36":12,"37":10,"38":12,"39":13,"40":13,"41":13,"42":13,"43":1,"44":1,"45":12,"46":12,"47":13,"48":13,"49":13,"50":13,"51":13,"52":13,"53":13,"54":13,"55":13,"56":9,"57":9},"branchMap":{"0":{"type":"branch","line":5,"loc":{"start":{"line":5,"column":0},"end":{"line":9,"column":1}},"locations":[{"start":{"line":5,"column":0},"end":{"line":9,"column":1}}]},"1":{"type":"branch","line":6,"loc":{"start":{"line":6,"column":11},"end":{"line":6,"column":36}},"locations":[{"start":{"line":6,"column":11},"end":{"line":6,"column":36}}]},"2":{"type":"branch","line":6,"loc":{"start":{"line":6,"column":36},"end":{"line":6,"column":48}},"locations":[{"start":{"line":6,"column":36},"end":{"line":6,"column":48}}]},"3":{"type":"branch","line":6,"loc":{"start":{"line":6,"column":43},"end":{"line":8,"column":34}},"locations":[{"start":{"line":6,"column":43},"end":{"line":8,"column":34}}]},"4":{"type":"branch","line":8,"loc":{"start":{"line":8,"column":26},"end":{"line":8,"column":34}},"locations":[{"start":{"line":8,"column":26},"end":{"line":8,"column":34}}]},"5":{"type":"branch","line":8,"loc":{"start":{"line":8,"column":30},"end":{"line":8,"column":39}},"locations":[{"start":{"line":8,"column":30},"end":{"line":8,"column":39}}]},"6":{"type":"branch","line":11,"loc":{"start":{"line":11,"column":0},"end":{"line":29,"column":1}},"locations":[{"start":{"line":11,"column":0},"end":{"line":29,"column":1}}]},"7":{"type":"branch","line":14,"loc":{"start":{"line":14,"column":12},"end":{"line":16,"column":40}},"locations":[{"start":{"line":14,"column":12},"end":{"line":16,"column":40}}]},"8":{"type":"branch","line":14,"loc":{"start":{"line":14,"column":12},"end":{"line":14,"column":27}},"locations":[{"start":{"line":14,"column":12},"end":{"line":14,"column":27}}]},"9":{"type":"branch","line":14,"loc":{"start":{"line":14,"column":19},"end":{"line":16,"column":40}},"locations":[{"start":{"line":14,"column":19},"end":{"line":16,"column":40}}]},"10":{"type":"branch","line":16,"loc":{"start":{"line":16,"column":40},"end":{"line":29,"column":1}},"locations":[{"start":{"line":16,"column":40},"end":{"line":29,"column":1}}]},"11":{"type":"branch","line":16,"loc":{"start":{"line":16,"column":40},"end":{"line":27,"column":3}},"locations":[{"start":{"line":16,"column":40},"end":{"line":27,"column":3}}]},"12":{"type":"branch","line":23,"loc":{"start":{"line":23,"column":22},"end":{"line":23,"column":31}},"locations":[{"start":{"line":23,"column":22},"end":{"line":23,"column":31}}]},"13":{"type":"branch","line":23,"loc":{"start":{"line":23,"column":22},"end":{"line":24,"column":32}},"locations":[{"start":{"line":23,"column":22},"end":{"line":24,"column":32}}]},"14":{"type":"branch","line":24,"loc":{"start":{"line":24,"column":24},"end":{"line":24,"column":41}},"locations":[{"start":{"line":24,"column":24},"end":{"line":24,"column":41}}]},"15":{"type":"branch","line":24,"loc":{"start":{"line":24,"column":37},"end":{"line":26,"column":80}},"locations":[{"start":{"line":24,"column":37},"end":{"line":26,"column":80}}]},"16":{"type":"branch","line":25,"loc":{"start":{"line":25,"column":30},"end":{"line":26,"column":80}},"locations":[{"start":{"line":25,"column":30},"end":{"line":26,"column":80}}]},"17":{"type":"branch","line":25,"loc":{"start":{"line":25,"column":30},"end":{"line":25,"column":52}},"locations":[{"start":{"line":25,"column":30},"end":{"line":25,"column":52}}]},"18":{"type":"branch","line":25,"loc":{"start":{"line":25,"column":48},"end":{"line":26,"column":80}},"locations":[{"start":{"line":25,"column":48},"end":{"line":26,"column":80}}]},"19":{"type":"branch","line":26,"loc":{"start":{"line":26,"column":23},"end":{"line":26,"column":60}},"locations":[{"start":{"line":26,"column":23},"end":{"line":26,"column":60}}]},"20":{"type":"branch","line":26,"loc":{"start":{"line":26,"column":60},"end":{"line":26,"column":80}},"locations":[{"start":{"line":26,"column":60},"end":{"line":26,"column":80}}]},"21":{"type":"branch","line":27,"loc":{"start":{"line":27,"column":2},"end":{"line":29,"column":1}},"locations":[{"start":{"line":27,"column":2},"end":{"line":29,"column":1}}]},"22":{"type":"branch","line":31,"loc":{"start":{"line":31,"column":7},"end":{"line":58,"column":1}},"locations":[{"start":{"line":31,"column":7},"end":{"line":58,"column":1}}]},"23":{"type":"branch","line":33,"loc":{"start":{"line":33,"column":58},"end":{"line":35,"column":3}},"locations":[{"start":{"line":33,"column":58},"end":{"line":35,"column":3}}]},"24":{"type":"branch","line":37,"loc":{"start":{"line":37,"column":27},"end":{"line":37,"column":77}},"locations":[{"start":{"line":37,"column":27},"end":{"line":37,"column":77}}]},"25":{"type":"branch","line":37,"loc":{"start":{"line":37,"column":75},"end":{"line":39,"column":42}},"locations":[{"start":{"line":37,"column":75},"end":{"line":39,"column":42}}]},"26":{"type":"branch","line":39,"loc":{"start":{"line":39,"column":42},"end":{"line":56,"column":3}},"locations":[{"start":{"line":39,"column":42},"end":{"line":56,"column":3}}]},"27":{"type":"branch","line":43,"loc":{"start":{"line":43,"column":16},"end":{"line":43,"column":38}},"locations":[{"start":{"line":43,"column":16},"end":{"line":43,"column":38}}]},"28":{"type":"branch","line":43,"loc":{"start":{"line":43,"column":38},"end":{"line":45,"column":5}},"locations":[{"start":{"line":43,"column":38},"end":{"line":45,"column":5}}]},"29":{"type":"branch","line":45,"loc":{"start":{"line":45,"column":4},"end":{"line":48,"column":25}},"locations":[{"start":{"line":45,"column":4},"end":{"line":48,"column":25}}]},"30":{"type":"branch","line":48,"loc":{"start":{"line":48,"column":17},"end":{"line":48,"column":39}},"locations":[{"start":{"line":48,"column":17},"end":{"line":48,"column":39}}]},"31":{"type":"branch","line":48,"loc":{"start":{"line":48,"column":25},"end":{"line":48,"column":70}},"locations":[{"start":{"line":48,"column":25},"end":{"line":48,"column":70}}]},"32":{"type":"branch","line":48,"loc":{"start":{"line":48,"column":66},"end":{"line":48,"column":75}},"locations":[{"start":{"line":48,"column":66},"end":{"line":48,"column":75}}]},"33":{"type":"branch","line":52,"loc":{"start":{"line":52,"column":17},"end":{"line":52,"column":50}},"locations":[{"start":{"line":52,"column":17},"end":{"line":52,"column":50}}]},"34":{"type":"branch","line":52,"loc":{"start":{"line":52,"column":46},"end":{"line":52,"column":55}},"locations":[{"start":{"line":52,"column":46},"end":{"line":52,"column":55}}]},"35":{"type":"branch","line":53,"loc":{"start":{"line":53,"column":12},"end":{"line":53,"column":45}},"locations":[{"start":{"line":53,"column":12},"end":{"line":53,"column":45}}]},"36":{"type":"branch","line":53,"loc":{"start":{"line":53,"column":41},"end":{"line":53,"column":52}},"locations":[{"start":{"line":53,"column":41},"end":{"line":53,"column":52}}]},"37":{"type":"branch","line":53,"loc":{"start":{"line":53,"column":45},"end":{"line":53,"column":57}},"locations":[{"start":{"line":53,"column":45},"end":{"line":53,"column":57}}]},"38":{"type":"branch","line":56,"loc":{"start":{"line":56,"column":2},"end":{"line":58,"column":1}},"locations":[{"start":{"line":56,"column":2},"end":{"line":58,"column":1}}]}},"b":{"0":[41],"1":[40],"2":[1],"3":[40],"4":[39],"5":[1],"6":[12],"7":[11],"8":[9],"9":[3],"10":[7],"11":[12],"12":[1],"13":[11],"14":[3],"15":[8],"16":[7],"17":[3],"18":[5],"19":[2],"20":[3],"21":[3],"22":[12],"23":[0],"24":[2],"25":[10],"26":[13],"27":[12],"28":[1],"29":[12],"30":[9],"31":[9],"32":[3],"33":[3],"34":[9],"35":[9],"36":[8],"37":[4],"38":[9]},"fnMap":{"0":{"name":"num","decl":{"start":{"line":5,"column":0},"end":{"line":9,"column":1}},"loc":{"start":{"line":5,"column":0},"end":{"line":9,"column":1}},"line":5},"1":{"name":"readSensors","decl":{"start":{"line":11,"column":0},"end":{"line":29,"column":1}},"loc":{"start":{"line":11,"column":0},"end":{"line":29,"column":1}},"line":11},"2":{"name":"parseGpx","decl":{"start":{"line":31,"column":7},"end":{"line":58,"column":1}},"loc":{"start":{"line":31,"column":7},"end":{"line":58,"column":1}},"line":31}},"f":{"0":41,"1":12,"2":12}}
,"/Users/jakubkunc/code/gpx-tooling-suite/src/lib/data/serialization/GpxSerializer.ts": {"path":"/Users/jakubkunc/code/gpx-tooling-suite/src/lib/data/serialization/GpxSerializer.ts","all":false,"statementMap":{"2":{"start":{"line":3,"column":0},"end":{"line":3,"column":33}},"3":{"start":{"line":4,"column":0},"end":{"line":4,"column":102}},"4":{"start":{"line":5,"column":0},"end":{"line":5,"column":1}},"6":{"start":{"line":7,"column":0},"end":{"line":7,"column":42}},"7":{"start":{"line":8,"column":0},"end":{"line":8,"column":83}},"8":{"start":{"line":9,"column":0},"end":{"line":9,"column":74}},"9":{"start":{"line":10,"column":0},"end":{"line":10,"column":80}},"10":{"start":{"line":11,"column":0},"end":{"line":11,"column":43}},"11":{"start":{"line":12,"column":0},"end":{"line":12,"column":73}},"12":{"start":{"line":13,"column":0},"end":{"line":13,"column":37}},"13":{"start":{"line":14,"column":0},"end":{"line":14,"column":55}},"14":{"start":{"line":15,"column":0},"end":{"line":15,"column":79}},"15":{"start":{"line":16,"column":0},"end":{"line":16,"column":91}},"16":{"start":{"line":17,"column":0},"end":{"line":17,"column":56}},"17":{"start":{"line":18,"column":0},"end":{"line":18,"column":75}},"18":{"start":{"line":19,"column":0},"end":{"line":19,"column":38}},"19":{"start":{"line":20,"column":0},"end":{"line":20,"column":3}},"20":{"start":{"line":21,"column":0},"end":{"line":21,"column":29}},"21":{"start":{"line":22,"column":0},"end":{"line":22,"column":26}},"22":{"start":{"line":23,"column":0},"end":{"line":23,"column":1}},"24":{"start":{"line":25,"column":0},"end":{"line":25,"column":74}},"25":{"start":{"line":26,"column":0},"end":{"line":26,"column":48}},"28":{"start":{"line":29,"column":0},"end":{"line":29,"column":29}},"30":{"start":{"line":31,"column":0},"end":{"line":31,"column":34}},"34":{"start":{"line":35,"column":0},"end":{"line":35,"column":1}}},"s":{"2":3,"3":3,"4":3,"6":3,"7":3,"8":3,"9":3,"10":3,"11":3,"12":1,"13":1,"14":1,"15":1,"16":1,"17":1,"18":1,"19":1,"20":3,"21":3,"22":3,"24":1,"25":3,"28":3,"30":3,"34":3},"branchMap":{"0":{"type":"branch","line":3,"loc":{"start":{"line":3,"column":0},"end":{"line":5,"column":1}},"locations":[{"start":{"line":3,"column":0},"end":{"line":5,"column":1}}]},"1":{"type":"branch","line":7,"loc":{"start":{"line":7,"column":0},"end":{"line":23,"column":1}},"locations":[{"start":{"line":7,"column":0},"end":{"line":23,"column":1}}]},"2":{"type":"branch","line":9,"loc":{"start":{"line":9,"column":28},"end":{"line":9,"column":74}},"locations":[{"start":{"line":9,"column":28},"end":{"line":9,"column":74}}]},"3":{"type":"branch","line":10,"loc":{"start":{"line":10,"column":23},"end":{"line":10,"column":80}},"locations":[{"start":{"line":10,"column":23},"end":{"line":10,"column":80}}]},"4":{"type":"branch","line":12,"loc":{"start":{"line":12,"column":13},"end":{"line":12,"column":51}},"locations":[{"start":{"line":12,"column":13},"end":{"line":12,"column":51}}]},"5":{"type":"branch","line":12,"loc":{"start":{"line":12,"column":38},"end":{"line":12,"column":72}},"locations":[{"start":{"line":12,"column":38},"end":{"line":12,"column":72}}]},"6":{"type":"branch","line":12,"loc":{"start":{"line":12,"column":72},"end":{"line":20,"column":3}},"locations":[{"start":{"line":12,"column":72},"end":{"line":20,"column":3}}]},"7":{"type":"branch","line":25,"loc":{"start":{"line":25,"column":7},"end":{"line":35,"column":1}},"locations":[{"start":{"line":25,"column":7},"end":{"line":35,"column":1}}]}},"b":{"0":[3],"1":[3],"2":[1],"3":[2],"4":[2],"5":[2],"6":[1],"7":[3]},"fnMap":{"0":{"name":"esc","decl":{"start":{"line":3,"column":0},"end":{"line":5,"column":1}},"loc":{"start":{"line":3,"column":0},"end":{"line":5,"column":1}},"line":3},"1":{"name":"trkptXml","decl":{"start":{"line":7,"column":0},"end":{"line":23,"column":1}},"loc":{"start":{"line":7,"column":0},"end":{"line":23,"column":1}},"line":7},"2":{"name":"serializeGpx","decl":{"start":{"line":25,"column":7},"end":{"line":35,"column":1}},"loc":{"start":{"line":25,"column":7},"end":{"line":35,"column":1}},"line":25}},"f":{"0":3,"1":3,"2":3}}
,"/Users/jakubkunc/code/gpx-tooling-suite/src/lib/domain/errors.ts": {"path":"/Users/jakubkunc/code/gpx-tooling-suite/src/lib/domain/errors.ts","all":false,"statementMap":{"0":{"start":{"line":1,"column":0},"end":{"line":1,"column":39}},"1":{"start":{"line":2,"column":0},"end":{"line":2,"column":32}},"2":{"start":{"line":3,"column":0},"end":{"line":3,"column":19}},"3":{"start":{"line":4,"column":0},"end":{"line":4,"column":29}},"4":{"start":{"line":5,"column":0},"end":{"line":5,"column":3}},"5":{"start":{"line":6,"column":0},"end":{"line":6,"column":1}}},"s":{"0":1,"1":1,"2":3,"3":3,"4":3,"5":1},"branchMap":{"0":{"type":"branch","line":2,"loc":{"start":{"line":2,"column":2},"end":{"line":5,"column":3}},"locations":[{"start":{"line":2,"column":2},"end":{"line":5,"column":3}}]}},"b":{"0":[3]},"fnMap":{"0":{"name":"ParseError","decl":{"start":{"line":2,"column":2},"end":{"line":5,"column":3}},"loc":{"start":{"line":2,"column":2},"end":{"line":5,"column":3}},"line":2}},"f":{"0":3}}
,"/Users/jakubkunc/code/gpx-tooling-suite/src/lib/domain/entities/GpxFile.ts": {"path":"/Users/jakubkunc/code/gpx-tooling-suite/src/lib/domain/entities/GpxFile.ts","all":true,"statementMap":{},"s":{},"branchMap":{"0":{"type":"branch","line":1,"loc":{"start":{"line":1,"column":117},"end":{"line":6,"column":1}},"locations":[{"start":{"line":1,"column":117},"end":{"line":6,"column":1}}]}},"b":{"0":[1]},"fnMap":{"0":{"name":"(empty-report)","decl":{"start":{"line":1,"column":117},"end":{"line":6,"column":1}},"loc":{"start":{"line":1,"column":117},"end":{"line":6,"column":1}},"line":1}},"f":{"0":1}}
,"/Users/jakubkunc/code/gpx-tooling-suite/src/lib/domain/entities/TrackPoint.ts": {"path":"/Users/jakubkunc/code/gpx-tooling-suite/src/lib/domain/entities/TrackPoint.ts","all":true,"statementMap":{},"s":{},"branchMap":{"0":{"type":"branch","line":1,"loc":{"start":{"line":1,"column":224},"end":{"line":13,"column":1}},"locations":[{"start":{"line":1,"column":224},"end":{"line":13,"column":1}}]}},"b":{"0":[1]},"fnMap":{"0":{"name":"(empty-report)","decl":{"start":{"line":1,"column":224},"end":{"line":13,"column":1}},"loc":{"start":{"line":1,"column":224},"end":{"line":13,"column":1}},"line":1}},"f":{"0":1}}
,"/Users/jakubkunc/code/gpx-tooling-suite/src/lib/domain/usecases/geo.ts": {"path":"/Users/jakubkunc/code/gpx-tooling-suite/src/lib/domain/usecases/geo.ts","all":false,"statementMap":{"0":{"start":{"line":1,"column":0},"end":{"line":1,"column":42}},"1":{"start":{"line":2,"column":0},"end":{"line":2,"column":61}},"2":{"start":{"line":4,"column":0},"end":{"line":4,"column":97}},"3":{"start":{"line":5,"column":0},"end":{"line":5,"column":34}},"4":{"start":{"line":6,"column":0},"end":{"line":6,"column":34}},"5":{"start":{"line":7,"column":0},"end":{"line":7,"column":11}},"6":{"start":{"line":8,"column":0},"end":{"line":8,"column":29}},"7":{"start":{"line":9,"column":0},"end":{"line":9,"column":76}},"8":{"start":{"line":10,"column":0},"end":{"line":10,"column":54}},"9":{"start":{"line":11,"column":0},"end":{"line":11,"column":1}},"10":{"start":{"line":16,"column":0},"end":{"line":16,"column":74}},"11":{"start":{"line":17,"column":0},"end":{"line":17,"column":10}},"12":{"start":{"line":18,"column":0},"end":{"line":18,"column":53}},"13":{"start":{"line":19,"column":0},"end":{"line":19,"column":24}},"14":{"start":{"line":20,"column":0},"end":{"line":20,"column":4}},"15":{"start":{"line":21,"column":0},"end":{"line":21,"column":1}},"16":{"start":{"line":23,"column":0},"end":{"line":23,"column":86}},"17":{"start":{"line":24,"column":0},"end":{"line":24,"column":18}},"18":{"start":{"line":25,"column":0},"end":{"line":25,"column":67}},"19":{"start":{"line":26,"column":0},"end":{"line":26,"column":43}},"20":{"start":{"line":27,"column":0},"end":{"line":27,"column":36}},"21":{"start":{"line":28,"column":0},"end":{"line":28,"column":65}},"22":{"start":{"line":29,"column":0},"end":{"line":29,"column":66}},"23":{"start":{"line":30,"column":0},"end":{"line":30,"column":36}},"24":{"start":{"line":31,"column":0},"end":{"line":31,"column":1}}},"s":{"0":2,"1":2,"2":2,"3":4,"4":4,"5":4,"6":4,"7":4,"8":4,"9":4,"10":18,"11":18,"12":18,"13":18,"14":18,"15":18,"16":2,"17":6,"18":6,"19":6,"20":6,"21":6,"22":5,"23":5,"24":5},"branchMap":{"0":{"type":"branch","line":2,"loc":{"start":{"line":2,"column":14},"end":{"line":2,"column":61}},"locations":[{"start":{"line":2,"column":14},"end":{"line":2,"column":61}}]},"1":{"type":"branch","line":4,"loc":{"start":{"line":4,"column":7},"end":{"line":11,"column":1}},"locations":[{"start":{"line":4,"column":7},"end":{"line":11,"column":1}}]},"2":{"type":"branch","line":16,"loc":{"start":{"line":16,"column":0},"end":{"line":21,"column":1}},"locations":[{"start":{"line":16,"column":0},"end":{"line":21,"column":1}}]},"3":{"type":"branch","line":23,"loc":{"start":{"line":23,"column":7},"end":{"line":31,"column":1}},"locations":[{"start":{"line":23,"column":7},"end":{"line":31,"column":1}}]},"4":{"type":"branch","line":28,"loc":{"start":{"line":28,"column":21},"end":{"line":28,"column":65}},"locations":[{"start":{"line":28,"column":21},"end":{"line":28,"column":65}}]},"5":{"type":"branch","line":28,"loc":{"start":{"line":28,"column":63},"end":{"line":31,"column":1}},"locations":[{"start":{"line":28,"column":63},"end":{"line":31,"column":1}}]}},"b":{"0":[70],"1":[4],"2":[18],"3":[6],"4":[1],"5":[5]},"fnMap":{"0":{"name":"toRad","decl":{"start":{"line":2,"column":14},"end":{"line":2,"column":61}},"loc":{"start":{"line":2,"column":14},"end":{"line":2,"column":61}},"line":2},"1":{"name":"haversineMeters","decl":{"start":{"line":4,"column":7},"end":{"line":11,"column":1}},"loc":{"start":{"line":4,"column":7},"end":{"line":11,"column":1}},"line":4},"2":{"name":"project","decl":{"start":{"line":16,"column":0},"end":{"line":21,"column":1}},"loc":{"start":{"line":16,"column":0},"end":{"line":21,"column":1}},"line":16},"3":{"name":"perpendicularDistanceMeters","decl":{"start":{"line":23,"column":7},"end":{"line":31,"column":1}},"loc":{"start":{"line":23,"column":7},"end":{"line":31,"column":1}},"line":23}},"f":{"0":70,"1":4,"2":18,"3":6}}
,"/Users/jakubkunc/code/gpx-tooling-suite/src/lib/domain/usecases/merge.ts": {"path":"/Users/jakubkunc/code/gpx-tooling-suite/src/lib/domain/usecases/merge.ts","all":false,"statementMap":{"0":{"start":{"line":3,"column":0},"end":{"line":3,"column":76}},"1":{"start":{"line":4,"column":0},"end":{"line":4,"column":28}},"2":{"start":{"line":5,"column":0},"end":{"line":5,"column":12}},"3":{"start":{"line":6,"column":0},"end":{"line":6,"column":30}},"4":{"start":{"line":7,"column":0},"end":{"line":7,"column":21}},"5":{"start":{"line":8,"column":0},"end":{"line":8,"column":58}},"6":{"start":{"line":9,"column":0},"end":{"line":9,"column":58}},"7":{"start":{"line":10,"column":0},"end":{"line":10,"column":36}},"8":{"start":{"line":11,"column":0},"end":{"line":11,"column":72}},"9":{"start":{"line":12,"column":0},"end":{"line":12,"column":6}},"10":{"start":{"line":13,"column":0},"end":{"line":13,"column":21}},"11":{"start":{"line":14,"column":0},"end":{"line":14,"column":1}}},"s":{"0":2,"1":5,"2":5,"3":5,"4":5,"5":8,"6":8,"7":8,"8":2,"9":5,"10":5,"11":5},"branchMap":{"0":{"type":"branch","line":3,"loc":{"start":{"line":3,"column":7},"end":{"line":14,"column":1}},"locations":[{"start":{"line":3,"column":7},"end":{"line":14,"column":1}}]},"1":{"type":"branch","line":6,"loc":{"start":{"line":6,"column":9},"end":{"line":6,"column":29}},"locations":[{"start":{"line":6,"column":9},"end":{"line":6,"column":29}}]},"2":{"type":"branch","line":7,"loc":{"start":{"line":7,"column":10},"end":{"line":12,"column":5}},"locations":[{"start":{"line":7,"column":10},"end":{"line":12,"column":5}}]},"3":{"type":"branch","line":8,"loc":{"start":{"line":8,"column":45},"end":{"line":8,"column":58}},"locations":[{"start":{"line":8,"column":45},"end":{"line":8,"column":58}}]},"4":{"type":"branch","line":9,"loc":{"start":{"line":9,"column":45},"end":{"line":9,"column":58}},"locations":[{"start":{"line":9,"column":45},"end":{"line":9,"column":58}}]},"5":{"type":"branch","line":10,"loc":{"start":{"line":10,"column":33},"end":{"line":11,"column":72}},"locations":[{"start":{"line":10,"column":33},"end":{"line":11,"column":72}}]},"6":{"type":"branch","line":13,"loc":{"start":{"line":13,"column":9},"end":{"line":13,"column":19}},"locations":[{"start":{"line":13,"column":9},"end":{"line":13,"column":19}}]},"7":{"type":"branch","line":8,"loc":{"start":{"line":8,"column":21},"end":{"line":8,"column":49}},"locations":[{"start":{"line":8,"column":21},"end":{"line":8,"column":49}}]},"8":{"type":"branch","line":9,"loc":{"start":{"line":9,"column":21},"end":{"line":9,"column":49}},"locations":[{"start":{"line":9,"column":21},"end":{"line":9,"column":49}}]},"9":{"type":"branch","line":10,"loc":{"start":{"line":10,"column":21},"end":{"line":10,"column":36}},"locations":[{"start":{"line":10,"column":21},"end":{"line":10,"column":36}}]}},"b":{"0":[5],"1":[10],"2":[8],"3":[2],"4":[3],"5":[2],"6":[10],"7":[6],"8":[5],"9":[6]},"fnMap":{"0":{"name":"mergeChronologically","decl":{"start":{"line":3,"column":7},"end":{"line":14,"column":1}},"loc":{"start":{"line":3,"column":7},"end":{"line":14,"column":1}},"line":3}},"f":{"0":5}}
,"/Users/jakubkunc/code/gpx-tooling-suite/src/lib/domain/usecases/repairElevation.ts": {"path":"/Users/jakubkunc/code/gpx-tooling-suite/src/lib/domain/usecases/repairElevation.ts","all":false,"statementMap":{"0":{"start":{"line":5,"column":0},"end":{"line":5,"column":95}},"1":{"start":{"line":6,"column":0},"end":{"line":6,"column":44}},"2":{"start":{"line":7,"column":0},"end":{"line":7,"column":42}},"3":{"start":{"line":8,"column":0},"end":{"line":8,"column":71}},"4":{"start":{"line":9,"column":0},"end":{"line":9,"column":44}},"5":{"start":{"line":10,"column":0},"end":{"line":10,"column":61}},"6":{"start":{"line":11,"column":0},"end":{"line":11,"column":95}},"7":{"start":{"line":12,"column":0},"end":{"line":12,"column":58}},"8":{"start":{"line":13,"column":0},"end":{"line":13,"column":29}},"9":{"start":{"line":14,"column":0},"end":{"line":14,"column":32}},"10":{"start":{"line":15,"column":0},"end":{"line":15,"column":84}},"11":{"start":{"line":16,"column":0},"end":{"line":16,"column":5}},"12":{"start":{"line":17,"column":0},"end":{"line":17,"column":27}},"13":{"start":{"line":18,"column":0},"end":{"line":18,"column":59}},"14":{"start":{"line":19,"column":0},"end":{"line":19,"column":59}},"15":{"start":{"line":20,"column":0},"end":{"line":20,"column":94}},"16":{"start":{"line":21,"column":0},"end":{"line":21,"column":62}},"17":{"start":{"line":22,"column":0},"end":{"line":22,"column":60}},"18":{"start":{"line":23,"column":0},"end":{"line":23,"column":5}},"19":{"start":{"line":24,"column":0},"end":{"line":24,"column":3}},"20":{"start":{"line":25,"column":0},"end":{"line":25,"column":13}},"21":{"start":{"line":26,"column":0},"end":{"line":26,"column":1}}},"s":{"0":2,"1":5,"2":5,"3":5,"4":5,"5":4,"6":4,"7":3,"8":3,"9":4,"10":3,"11":3,"12":3,"13":3,"14":2,"15":2,"16":4,"17":2,"18":2,"19":4,"20":5,"21":5},"branchMap":{"0":{"type":"branch","line":5,"loc":{"start":{"line":5,"column":7},"end":{"line":26,"column":1}},"locations":[{"start":{"line":5,"column":7},"end":{"line":26,"column":1}}]},"1":{"type":"branch","line":9,"loc":{"start":{"line":9,"column":43},"end":{"line":24,"column":3}},"locations":[{"start":{"line":9,"column":43},"end":{"line":24,"column":3}}]},"2":{"type":"branch","line":8,"loc":{"start":{"line":8,"column":25},"end":{"line":8,"column":69}},"locations":[{"start":{"line":8,"column":25},"end":{"line":8,"column":69}}]},"3":{"type":"branch","line":11,"loc":{"start":{"line":11,"column":27},"end":{"line":11,"column":61}},"locations":[{"start":{"line":11,"column":27},"end":{"line":11,"column":61}}]},"4":{"type":"branch","line":11,"loc":{"start":{"line":11,"column":53},"end":{"line":11,"column":86}},"locations":[{"start":{"line":11,"column":53},"end":{"line":11,"column":86}}]},"5":{"type":"branch","line":11,"loc":{"start":{"line":11,"column":86},"end":{"line":11,"column":95}},"locations":[{"start":{"line":11,"column":86},"end":{"line":11,"column":95}}]},"6":{"type":"branch","line":11,"loc":{"start":{"line":11,"column":86},"end":{"line":14,"column":31}},"locations":[{"start":{"line":11,"column":86},"end":{"line":14,"column":31}}]},"7":{"type":"branch","line":14,"loc":{"start":{"line":14,"column":31},"end":{"line":18,"column":59}},"locations":[{"start":{"line":14,"column":31},"end":{"line":18,"column":59}}]},"8":{"type":"branch","line":18,"loc":{"start":{"line":18,"column":49},"end":{"line":19,"column":59}},"locations":[{"start":{"line":18,"column":49},"end":{"line":19,"column":59}}]},"9":{"type":"branch","line":19,"loc":{"start":{"line":19,"column":49},"end":{"line":20,"column":94}},"locations":[{"start":{"line":19,"column":49},"end":{"line":20,"column":94}}]},"10":{"type":"branch","line":21,"loc":{"start":{"line":21,"column":15},"end":{"line":21,"column":61}},"locations":[{"start":{"line":21,"column":15},"end":{"line":21,"column":61}}]},"11":{"type":"branch","line":21,"loc":{"start":{"line":21,"column":27},"end":{"line":21,"column":61}},"locations":[{"start":{"line":21,"column":27},"end":{"line":21,"column":61}}]},"12":{"type":"branch","line":21,"loc":{"start":{"line":21,"column":61},"end":{"line":23,"column":5}},"locations":[{"start":{"line":21,"column":61},"end":{"line":23,"column":5}}]}},"b":{"0":[5],"1":[4],"2":[13],"3":[3],"4":[3],"5":[1],"6":[3],"7":[3],"8":[2],"9":[2],"10":[2],"11":[0],"12":[2]},"fnMap":{"0":{"name":"repairElevation","decl":{"start":{"line":5,"column":7},"end":{"line":26,"column":1}},"loc":{"start":{"line":5,"column":7},"end":{"line":26,"column":1}},"line":5}},"f":{"0":5}}
,"/Users/jakubkunc/code/gpx-tooling-suite/src/lib/domain/usecases/simplify.ts": {"path":"/Users/jakubkunc/code/gpx-tooling-suite/src/lib/domain/usecases/simplify.ts","all":false,"statementMap":{"0":{"start":{"line":1,"column":0},"end":{"line":1,"column":57}},"1":{"start":{"line":4,"column":0},"end":{"line":4,"column":70}},"2":{"start":{"line":6,"column":0},"end":{"line":6,"column":88}},"3":{"start":{"line":7,"column":0},"end":{"line":7,"column":48}},"4":{"start":{"line":8,"column":0},"end":{"line":8,"column":18}},"5":{"start":{"line":9,"column":0},"end":{"line":9,"column":16}},"6":{"start":{"line":10,"column":0},"end":{"line":10,"column":53}},"7":{"start":{"line":11,"column":0},"end":{"line":11,"column":47}},"8":{"start":{"line":12,"column":0},"end":{"line":12,"column":71}},"9":{"start":{"line":13,"column":0},"end":{"line":13,"column":48}},"10":{"start":{"line":14,"column":0},"end":{"line":14,"column":3}},"11":{"start":{"line":15,"column":0},"end":{"line":15,"column":32}},"12":{"start":{"line":16,"column":0},"end":{"line":16,"column":72}},"13":{"start":{"line":17,"column":0},"end":{"line":17,"column":66}},"14":{"start":{"line":18,"column":0},"end":{"line":18,"column":43}},"15":{"start":{"line":19,"column":0},"end":{"line":19,"column":3}},"16":{"start":{"line":20,"column":0},"end":{"line":20,"column":16}},"17":{"start":{"line":21,"column":0},"end":{"line":21,"column":1}}},"s":{"0":2,"1":2,"2":2,"3":8,"4":3,"5":3,"6":3,"7":3,"8":3,"9":3,"10":3,"11":7,"12":1,"13":1,"14":1,"15":1,"16":2,"17":2},"branchMap":{"0":{"type":"branch","line":6,"loc":{"start":{"line":6,"column":7},"end":{"line":21,"column":1}},"locations":[{"start":{"line":6,"column":7},"end":{"line":21,"column":1}}]},"1":{"type":"branch","line":7,"loc":{"start":{"line":7,"column":46},"end":{"line":21,"column":1}},"locations":[{"start":{"line":7,"column":46},"end":{"line":21,"column":1}}]},"2":{"type":"branch","line":4,"loc":{"start":{"line":4,"column":11},"end":{"line":4,"column":70}},"locations":[{"start":{"line":4,"column":11},"end":{"line":4,"column":70}}]},"3":{"type":"branch","line":7,"loc":{"start":{"line":7,"column":26},"end":{"line":7,"column":48}},"locations":[{"start":{"line":7,"column":26},"end":{"line":7,"column":48}}]},"4":{"type":"branch","line":7,"loc":{"start":{"line":7,"column":46},"end":{"line":15,"column":31}},"locations":[{"start":{"line":7,"column":46},"end":{"line":15,"column":31}}]},"5":{"type":"branch","line":13,"loc":{"start":{"line":13,"column":21},"end":{"line":13,"column":48}},"locations":[{"start":{"line":13,"column":21},"end":{"line":13,"column":48}}]},"6":{"type":"branch","line":15,"loc":{"start":{"line":15,"column":31},"end":{"line":19,"column":3}},"locations":[{"start":{"line":15,"column":31},"end":{"line":19,"column":3}}]},"7":{"type":"branch","line":19,"loc":{"start":{"line":19,"column":2},"end":{"line":21,"column":1}},"locations":[{"start":{"line":19,"column":2},"end":{"line":21,"column":1}}]}},"b":{"0":[8],"1":[7],"2":[9],"3":[5],"4":[3],"5":[1],"6":[1],"7":[2]},"fnMap":{"0":{"name":"ll","decl":{"start":{"line":4,"column":11},"end":{"line":4,"column":70}},"loc":{"start":{"line":4,"column":11},"end":{"line":4,"column":70}},"line":4},"1":{"name":"simplifyRdp","decl":{"start":{"line":6,"column":7},"end":{"line":21,"column":1}},"loc":{"start":{"line":6,"column":7},"end":{"line":21,"column":1}},"line":6}},"f":{"0":9,"1":8}}
,"/Users/jakubkunc/code/gpx-tooling-suite/src/lib/domain/usecases/stats.ts": {"path":"/Users/jakubkunc/code/gpx-tooling-suite/src/lib/domain/usecases/stats.ts","all":false,"statementMap":{"0":{"start":{"line":1,"column":0},"end":{"line":1,"column":57}},"3":{"start":{"line":4,"column":0},"end":{"line":4,"column":67}},"4":{"start":{"line":5,"column":0},"end":{"line":5,"column":14}},"5":{"start":{"line":6,"column":0},"end":{"line":6,"column":43}},"6":{"start":{"line":7,"column":0},"end":{"line":7,"column":43}},"7":{"start":{"line":8,"column":0},"end":{"line":8,"column":77}},"8":{"start":{"line":9,"column":0},"end":{"line":9,"column":3}},"9":{"start":{"line":10,"column":0},"end":{"line":10,"column":13}},"10":{"start":{"line":11,"column":0},"end":{"line":11,"column":1}},"12":{"start":{"line":13,"column":0},"end":{"line":13,"column":67}},"13":{"start":{"line":14,"column":0},"end":{"line":14,"column":15}},"14":{"start":{"line":15,"column":0},"end":{"line":15,"column":33}},"15":{"start":{"line":16,"column":0},"end":{"line":16,"column":27}},"16":{"start":{"line":17,"column":0},"end":{"line":17,"column":39}},"17":{"start":{"line":18,"column":0},"end":{"line":18,"column":72}},"18":{"start":{"line":19,"column":0},"end":{"line":19,"column":23}},"19":{"start":{"line":20,"column":0},"end":{"line":20,"column":3}},"20":{"start":{"line":21,"column":0},"end":{"line":21,"column":14}},"21":{"start":{"line":22,"column":0},"end":{"line":22,"column":1}},"23":{"start":{"line":24,"column":0},"end":{"line":24,"column":63}},"24":{"start":{"line":25,"column":0},"end":{"line":25,"column":54}},"25":{"start":{"line":26,"column":0},"end":{"line":26,"column":33}},"26":{"start":{"line":27,"column":0},"end":{"line":27,"column":41}},"27":{"start":{"line":28,"column":0},"end":{"line":28,"column":55}},"28":{"start":{"line":29,"column":0},"end":{"line":29,"column":43}},"29":{"start":{"line":30,"column":0},"end":{"line":30,"column":1}}},"s":{"0":1,"3":1,"4":3,"5":3,"6":2,"7":2,"8":2,"9":3,"10":3,"12":1,"13":2,"14":2,"15":2,"16":8,"17":8,"18":6,"19":6,"20":2,"21":2,"23":1,"24":2,"25":2,"26":1,"27":1,"28":1,"29":1},"branchMap":{"0":{"type":"branch","line":4,"loc":{"start":{"line":4,"column":7},"end":{"line":11,"column":1}},"locations":[{"start":{"line":4,"column":7},"end":{"line":11,"column":1}}]},"1":{"type":"branch","line":6,"loc":{"start":{"line":6,"column":42},"end":{"line":9,"column":3}},"locations":[{"start":{"line":6,"column":42},"end":{"line":9,"column":3}}]},"2":{"type":"branch","line":13,"loc":{"start":{"line":13,"column":7},"end":{"line":22,"column":1}},"locations":[{"start":{"line":13,"column":7},"end":{"line":22,"column":1}}]},"3":{"type":"branch","line":16,"loc":{"start":{"line":16,"column":26},"end":{"line":20,"column":3}},"locations":[{"start":{"line":16,"column":26},"end":{"line":20,"column":3}}]},"4":{"type":"branch","line":17,"loc":{"start":{"line":17,"column":30},"end":{"line":17,"column":39}},"locations":[{"start":{"line":17,"column":30},"end":{"line":17,"column":39}}]},"5":{"type":"branch","line":17,"loc":{"start":{"line":17,"column":30},"end":{"line":18,"column":25}},"locations":[{"start":{"line":17,"column":30},"end":{"line":18,"column":25}}]},"6":{"type":"branch","line":18,"loc":{"start":{"line":18,"column":17},"end":{"line":18,"column":45}},"locations":[{"start":{"line":18,"column":17},"end":{"line":18,"column":45}}]},"7":{"type":"branch","line":18,"loc":{"start":{"line":18,"column":45},"end":{"line":18,"column":72}},"locations":[{"start":{"line":18,"column":45},"end":{"line":18,"column":72}}]},"8":{"type":"branch","line":18,"loc":{"start":{"line":18,"column":67},"end":{"line":20,"column":3}},"locations":[{"start":{"line":18,"column":67},"end":{"line":20,"column":3}}]},"9":{"type":"branch","line":24,"loc":{"start":{"line":24,"column":7},"end":{"line":30,"column":1}},"locations":[{"start":{"line":24,"column":7},"end":{"line":30,"column":1}}]},"10":{"type":"branch","line":26,"loc":{"start":{"line":26,"column":24},"end":{"line":30,"column":1}},"locations":[{"start":{"line":26,"column":24},"end":{"line":30,"column":1}}]},"11":{"type":"branch","line":25,"loc":{"start":{"line":25,"column":30},"end":{"line":25,"column":52}},"locations":[{"start":{"line":25,"column":30},"end":{"line":25,"column":52}}]}},"b":{"0":[3],"1":[2],"2":[2],"3":[8],"4":[2],"5":[6],"6":[4],"7":[3],"8":[6],"9":[2],"10":[1],"11":[3]},"fnMap":{"0":{"name":"totalDistanceMeters","decl":{"start":{"line":4,"column":7},"end":{"line":11,"column":1}},"loc":{"start":{"line":4,"column":7},"end":{"line":11,"column":1}},"line":4},"1":{"name":"elevationGainMeters","decl":{"start":{"line":13,"column":7},"end":{"line":22,"column":1}},"loc":{"start":{"line":13,"column":7},"end":{"line":22,"column":1}},"line":13},"2":{"name":"durationSeconds","decl":{"start":{"line":24,"column":7},"end":{"line":30,"column":1}},"loc":{"start":{"line":24,"column":7},"end":{"line":30,"column":1}},"line":24}},"f":{"0":3,"1":2,"2":2}}
,"/Users/jakubkunc/code/gpx-tooling-suite/src/lib/domain/usecases/trim.ts": {"path":"/Users/jakubkunc/code/gpx-tooling-suite/src/lib/domain/usecases/trim.ts","all":false,"statementMap":{"0":{"start":{"line":3,"column":0},"end":{"line":3,"column":99}},"1":{"start":{"line":4,"column":0},"end":{"line":4,"column":65}},"2":{"start":{"line":5,"column":0},"end":{"line":5,"column":76}},"3":{"start":{"line":6,"column":0},"end":{"line":6,"column":3}},"4":{"start":{"line":7,"column":0},"end":{"line":7,"column":37}},"5":{"start":{"line":8,"column":0},"end":{"line":8,"column":26}},"6":{"start":{"line":9,"column":0},"end":{"line":9,"column":43}},"7":{"start":{"line":10,"column":0},"end":{"line":10,"column":39}},"8":{"start":{"line":11,"column":0},"end":{"line":11,"column":38}},"9":{"start":{"line":12,"column":0},"end":{"line":12,"column":1}}},"s":{"0":2,"1":7,"2":3,"3":3,"4":7,"5":3,"6":3,"7":3,"8":3,"9":3},"branchMap":{"0":{"type":"branch","line":3,"loc":{"start":{"line":3,"column":7},"end":{"line":12,"column":1}},"locations":[{"start":{"line":3,"column":7},"end":{"line":12,"column":1}}]},"1":{"type":"branch","line":4,"loc":{"start":{"line":4,"column":64},"end":{"line":6,"column":3}},"locations":[{"start":{"line":4,"column":64},"end":{"line":6,"column":3}}]},"2":{"type":"branch","line":7,"loc":{"start":{"line":7,"column":27},"end":{"line":7,"column":37}},"locations":[{"start":{"line":7,"column":27},"end":{"line":7,"column":37}}]},"3":{"type":"branch","line":4,"loc":{"start":{"line":4,"column":19},"end":{"line":4,"column":40}},"locations":[{"start":{"line":4,"column":19},"end":{"line":4,"column":40}}]},"4":{"type":"branch","line":4,"loc":{"start":{"line":4,"column":35},"end":{"line":4,"column":64}},"locations":[{"start":{"line":4,"column":35},"end":{"line":4,"column":64}}]},"5":{"type":"branch","line":4,"loc":{"start":{"line":4,"column":64},"end":{"line":7,"column":34}},"locations":[{"start":{"line":4,"column":64},"end":{"line":7,"column":34}}]},"6":{"type":"branch","line":7,"loc":{"start":{"line":7,"column":35},"end":{"line":12,"column":1}},"locations":[{"start":{"line":7,"column":35},"end":{"line":12,"column":1}}]}},"b":{"0":[7],"1":[3],"2":[1],"3":[6],"4":[5],"5":[4],"6":[3]},"fnMap":{"0":{"name":"trimGpx","decl":{"start":{"line":3,"column":7},"end":{"line":12,"column":1}},"loc":{"start":{"line":3,"column":7},"end":{"line":12,"column":1}},"line":3}},"f":{"0":7}}
}
